0 info it worked if it ends with ok
1 verbose cli [ 'C:\\Program Files\\nodejs\\node.exe',
1 verbose cli   'C:\\Program Files\\nodejs\\node_modules\\npm\\bin\\npm-cli.js',
1 verbose cli   'install',
1 verbose cli   'passport',
1 verbose cli   'passpport-local',
1 verbose cli   'passport=local-mongoose',
1 verbose cli   'express-session',
1 verbose cli   'connect-flash',
1 verbose cli   '--save' ]
2 info using npm@3.10.3
3 info using node@v6.5.0
4 silly loadCurrentTree Starting
5 silly install loadCurrentTree
6 silly install readLocalPackageData
7 silly fetchPackageMetaData passport@^0.3.2
8 silly fetchPackageMetaData passpport-local
9 silly fetchPackageMetaData passport=local-mongoose
10 silly fetchPackageMetaData express-session@^1.14.2
11 silly fetchPackageMetaData connect-flash@^0.1.1
12 silly fetchNamedPackageData passport
13 silly mapToRegistry name passport
14 silly mapToRegistry using default registry
15 silly mapToRegistry registry https://registry.npmjs.org/
16 silly mapToRegistry data Result {
16 silly mapToRegistry   raw: 'passport',
16 silly mapToRegistry   scope: null,
16 silly mapToRegistry   escapedName: 'passport',
16 silly mapToRegistry   name: 'passport',
16 silly mapToRegistry   rawSpec: '',
16 silly mapToRegistry   spec: 'latest',
16 silly mapToRegistry   type: 'tag' }
17 silly mapToRegistry uri https://registry.npmjs.org/passport
18 silly fetchNamedPackageData express-session
19 silly mapToRegistry name express-session
20 silly mapToRegistry using default registry
21 silly mapToRegistry registry https://registry.npmjs.org/
22 silly mapToRegistry data Result {
22 silly mapToRegistry   raw: 'express-session',
22 silly mapToRegistry   scope: null,
22 silly mapToRegistry   escapedName: 'express-session',
22 silly mapToRegistry   name: 'express-session',
22 silly mapToRegistry   rawSpec: '',
22 silly mapToRegistry   spec: 'latest',
22 silly mapToRegistry   type: 'tag' }
23 silly mapToRegistry uri https://registry.npmjs.org/express-session
24 silly fetchNamedPackageData connect-flash
25 silly mapToRegistry name connect-flash
26 silly mapToRegistry using default registry
27 silly mapToRegistry registry https://registry.npmjs.org/
28 silly mapToRegistry data Result {
28 silly mapToRegistry   raw: 'connect-flash',
28 silly mapToRegistry   scope: null,
28 silly mapToRegistry   escapedName: 'connect-flash',
28 silly mapToRegistry   name: 'connect-flash',
28 silly mapToRegistry   rawSpec: '',
28 silly mapToRegistry   spec: 'latest',
28 silly mapToRegistry   type: 'tag' }
29 silly mapToRegistry uri https://registry.npmjs.org/connect-flash
30 silly fetchNamedPackageData passpport-local
31 silly mapToRegistry name passpport-local
32 silly mapToRegistry using default registry
33 silly mapToRegistry registry https://registry.npmjs.org/
34 silly mapToRegistry data Result {
34 silly mapToRegistry   raw: 'passpport-local',
34 silly mapToRegistry   scope: null,
34 silly mapToRegistry   escapedName: 'passpport-local',
34 silly mapToRegistry   name: 'passpport-local',
34 silly mapToRegistry   rawSpec: '',
34 silly mapToRegistry   spec: 'latest',
34 silly mapToRegistry   type: 'tag' }
35 silly mapToRegistry uri https://registry.npmjs.org/passpport-local
36 silly fetchOtherPackageData passport=local-mongoose
37 silly cache add args [ 'passport=local-mongoose', null ]
38 verbose cache add spec passport=local-mongoose
39 silly cache add parsed spec Result {
39 silly cache add   raw: 'passport=local-mongoose',
39 silly cache add   scope: null,
39 silly cache add   escapedName: null,
39 silly cache add   name: null,
39 silly cache add   rawSpec: 'passport=local-mongoose',
39 silly cache add   spec: 'C:\\Users\\ruhi\\node\\assignmenttwo\\passport=local-mongoose',
39 silly cache add   type: 'local' }
40 error addLocal Could not install C:\Users\ruhi\node\assignmenttwo\passport=local-mongoose
41 silly fetchPackageMetaData Error: ENOENT: no such file or directory, open 'C:\Users\ruhi\node\assignmenttwo\passport=local-mongoose'
41 silly fetchPackageMetaData     at Error (native)
41 silly fetchPackageMetaData  error for passport=local-mongoose { Error: ENOENT: no such file or directory, open 'C:\Users\ruhi\node\assignmenttwo\passport=local-mongoose'
41 silly fetchPackageMetaData     at Error (native)
41 silly fetchPackageMetaData   errno: -4058,
41 silly fetchPackageMetaData   code: 'ENOENT',
41 silly fetchPackageMetaData   syscall: 'open',
41 silly fetchPackageMetaData   path: 'C:\\Users\\ruhi\\node\\assignmenttwo\\passport=local-mongoose' }
42 verbose request uri https://registry.npmjs.org/passpport-local
43 verbose request no auth needed
44 info attempt registry request try #1 at 11:46:23 PM
45 verbose request id 71131ca9ac95630b
46 http request GET https://registry.npmjs.org/passpport-local
47 verbose request uri https://registry.npmjs.org/passport
48 verbose request no auth needed
49 info attempt registry request try #1 at 11:46:23 PM
50 verbose etag W/"583b4519-abd7"
51 verbose lastModified Sun, 27 Nov 2016 20:42:01 GMT
52 http request GET https://registry.npmjs.org/passport
53 verbose request uri https://registry.npmjs.org/express-session
54 verbose request no auth needed
55 info attempt registry request try #1 at 11:46:23 PM
56 verbose etag W/"583b6fad-1c561"
57 verbose lastModified Sun, 27 Nov 2016 23:43:41 GMT
58 http request GET https://registry.npmjs.org/express-session
59 verbose request uri https://registry.npmjs.org/connect-flash
60 verbose request no auth needed
61 info attempt registry request try #1 at 11:46:23 PM
62 verbose etag W/"583659ec-180b"
63 verbose lastModified Thu, 24 Nov 2016 03:09:32 GMT
64 http request GET https://registry.npmjs.org/connect-flash
65 http 304 https://registry.npmjs.org/connect-flash
66 verbose headers { date: 'Wed, 30 Nov 2016 04:48:19 GMT',
66 verbose headers   via: '1.1 varnish',
66 verbose headers   'cache-control': 'max-age=300',
66 verbose headers   etag: 'W/"583659ec-180b"',
66 verbose headers   age: '235',
66 verbose headers   connection: 'keep-alive',
66 verbose headers   'x-served-by': 'cache-yyz8331-YYZ',
66 verbose headers   'x-cache': 'HIT',
66 verbose headers   'x-cache-hits': '1',
66 verbose headers   'x-timer': 'S1480481299.652008,VS0,VE0',
66 verbose headers   vary: 'Accept-Encoding' }
67 silly get cb [ 304,
67 silly get   { date: 'Wed, 30 Nov 2016 04:48:19 GMT',
67 silly get     via: '1.1 varnish',
67 silly get     'cache-control': 'max-age=300',
67 silly get     etag: 'W/"583659ec-180b"',
67 silly get     age: '235',
67 silly get     connection: 'keep-alive',
67 silly get     'x-served-by': 'cache-yyz8331-YYZ',
67 silly get     'x-cache': 'HIT',
67 silly get     'x-cache-hits': '1',
67 silly get     'x-timer': 'S1480481299.652008,VS0,VE0',
67 silly get     vary: 'Accept-Encoding' } ]
68 verbose etag https://registry.npmjs.org/connect-flash from cache
69 verbose get saving connect-flash to C:\Users\ruhi\AppData\Roaming\npm-cache\registry.npmjs.org\connect-flash\.cache.json
70 verbose correctMkdir C:\Users\ruhi\AppData\Roaming\npm-cache correctMkdir not in flight; initializing
71 http 200 https://registry.npmjs.org/passport
72 verbose headers { server: 'nginx/1.10.1',
72 verbose headers   'content-type': 'application/json',
72 verbose headers   'last-modified': 'Tue, 29 Nov 2016 13:36:46 GMT',
72 verbose headers   etag: 'W/"583d846e-abeb"',
72 verbose headers   'content-encoding': 'gzip',
72 verbose headers   'cache-control': 'max-age=300',
72 verbose headers   'content-length': '8148',
72 verbose headers   'accept-ranges': 'bytes',
72 verbose headers   date: 'Wed, 30 Nov 2016 04:48:19 GMT',
72 verbose headers   via: '1.1 varnish',
72 verbose headers   age: '240',
72 verbose headers   connection: 'keep-alive',
72 verbose headers   'x-served-by': 'cache-yyz8326-YYZ',
72 verbose headers   'x-cache': 'HIT',
72 verbose headers   'x-cache-hits': '1',
72 verbose headers   'x-timer': 'S1480481299.657622,VS0,VE0',
72 verbose headers   vary: 'Accept-Encoding' }
73 silly get cb [ 200,
73 silly get   { server: 'nginx/1.10.1',
73 silly get     'content-type': 'application/json',
73 silly get     'last-modified': 'Tue, 29 Nov 2016 13:36:46 GMT',
73 silly get     etag: 'W/"583d846e-abeb"',
73 silly get     'content-encoding': 'gzip',
73 silly get     'cache-control': 'max-age=300',
73 silly get     'content-length': '8148',
73 silly get     'accept-ranges': 'bytes',
73 silly get     date: 'Wed, 30 Nov 2016 04:48:19 GMT',
73 silly get     via: '1.1 varnish',
73 silly get     age: '240',
73 silly get     connection: 'keep-alive',
73 silly get     'x-served-by': 'cache-yyz8326-YYZ',
73 silly get     'x-cache': 'HIT',
73 silly get     'x-cache-hits': '1',
73 silly get     'x-timer': 'S1480481299.657622,VS0,VE0',
73 silly get     vary: 'Accept-Encoding' } ]
74 verbose get saving passport to C:\Users\ruhi\AppData\Roaming\npm-cache\registry.npmjs.org\passport\.cache.json
75 verbose correctMkdir C:\Users\ruhi\AppData\Roaming\npm-cache correctMkdir not in flight; initializing
76 http 200 https://registry.npmjs.org/express-session
77 verbose headers { server: 'nginx/1.10.1',
77 verbose headers   'content-type': 'application/json',
77 verbose headers   'last-modified': 'Tue, 29 Nov 2016 00:59:22 GMT',
77 verbose headers   etag: 'W/"583cd2ea-1c572"',
77 verbose headers   'content-encoding': 'gzip',
77 verbose headers   'cache-control': 'max-age=300',
77 verbose headers   'content-length': '16493',
77 verbose headers   'accept-ranges': 'bytes',
77 verbose headers   date: 'Wed, 30 Nov 2016 04:48:19 GMT',
77 verbose headers   via: '1.1 varnish',
77 verbose headers   age: '0',
77 verbose headers   connection: 'keep-alive',
77 verbose headers   'x-served-by': 'cache-yyz8331-YYZ',
77 verbose headers   'x-cache': 'HIT',
77 verbose headers   'x-cache-hits': '1',
77 verbose headers   'x-timer': 'S1480481299.652017,VS0,VE68',
77 verbose headers   vary: 'Accept-Encoding' }
78 silly get cb [ 200,
78 silly get   { server: 'nginx/1.10.1',
78 silly get     'content-type': 'application/json',
78 silly get     'last-modified': 'Tue, 29 Nov 2016 00:59:22 GMT',
78 silly get     etag: 'W/"583cd2ea-1c572"',
78 silly get     'content-encoding': 'gzip',
78 silly get     'cache-control': 'max-age=300',
78 silly get     'content-length': '16493',
78 silly get     'accept-ranges': 'bytes',
78 silly get     date: 'Wed, 30 Nov 2016 04:48:19 GMT',
78 silly get     via: '1.1 varnish',
78 silly get     age: '0',
78 silly get     connection: 'keep-alive',
78 silly get     'x-served-by': 'cache-yyz8331-YYZ',
78 silly get     'x-cache': 'HIT',
78 silly get     'x-cache-hits': '1',
78 silly get     'x-timer': 'S1480481299.652017,VS0,VE68',
78 silly get     vary: 'Accept-Encoding' } ]
79 verbose get saving express-session to C:\Users\ruhi\AppData\Roaming\npm-cache\registry.npmjs.org\express-session\.cache.json
80 verbose correctMkdir C:\Users\ruhi\AppData\Roaming\npm-cache correctMkdir not in flight; initializing
81 http 404 https://registry.npmjs.org/passpport-local
82 verbose headers { 'content-type': 'application/json',
82 verbose headers   'cache-control': 'max-age=0',
82 verbose headers   'content-length': '2',
82 verbose headers   'accept-ranges': 'bytes',
82 verbose headers   date: 'Wed, 30 Nov 2016 04:48:20 GMT',
82 verbose headers   via: '1.1 varnish',
82 verbose headers   age: '0',
82 verbose headers   connection: 'keep-alive',
82 verbose headers   'x-served-by': 'cache-yyz8321-YYZ',
82 verbose headers   'x-cache': 'MISS',
82 verbose headers   'x-cache-hits': '0',
82 verbose headers   'x-timer': 'S1480481299.657585,VS0,VE432',
82 verbose headers   vary: 'Accept-Encoding' }
83 silly get cb [ 404,
83 silly get   { 'content-type': 'application/json',
83 silly get     'cache-control': 'max-age=0',
83 silly get     'content-length': '2',
83 silly get     'accept-ranges': 'bytes',
83 silly get     date: 'Wed, 30 Nov 2016 04:48:20 GMT',
83 silly get     via: '1.1 varnish',
83 silly get     age: '0',
83 silly get     connection: 'keep-alive',
83 silly get     'x-served-by': 'cache-yyz8321-YYZ',
83 silly get     'x-cache': 'MISS',
83 silly get     'x-cache-hits': '0',
83 silly get     'x-timer': 'S1480481299.657585,VS0,VE432',
83 silly get     vary: 'Accept-Encoding' } ]
84 silly fetchPackageMetaData Error: Registry returned 404 for GET on https://registry.npmjs.org/passpport-local
84 silly fetchPackageMetaData     at makeError (C:\Program Files\nodejs\node_modules\npm\node_modules\npm-registry-client\lib\request.js:264:12)
84 silly fetchPackageMetaData     at CachingRegistryClient.<anonymous> (C:\Program Files\nodejs\node_modules\npm\node_modules\npm-registry-client\lib\request.js:242:14)
84 silly fetchPackageMetaData     at Request._callback (C:\Program Files\nodejs\node_modules\npm\node_modules\npm-registry-client\lib\request.js:172:14)
84 silly fetchPackageMetaData     at Request.self.callback (C:\Program Files\nodejs\node_modules\npm\node_modules\request\request.js:200:22)
84 silly fetchPackageMetaData     at emitTwo (events.js:106:13)
84 silly fetchPackageMetaData     at Request.emit (events.js:191:7)
84 silly fetchPackageMetaData     at Request.<anonymous> (C:\Program Files\nodejs\node_modules\npm\node_modules\request\request.js:1067:10)
84 silly fetchPackageMetaData     at emitOne (events.js:101:20)
84 silly fetchPackageMetaData     at Request.emit (events.js:188:7)
84 silly fetchPackageMetaData     at IncomingMessage.<anonymous> (C:\Program Files\nodejs\node_modules\npm\node_modules\request\request.js:988:12)
84 silly fetchPackageMetaData  error for passpport-local { Error: Registry returned 404 for GET on https://registry.npmjs.org/passpport-local
84 silly fetchPackageMetaData     at makeError (C:\Program Files\nodejs\node_modules\npm\node_modules\npm-registry-client\lib\request.js:264:12)
84 silly fetchPackageMetaData     at CachingRegistryClient.<anonymous> (C:\Program Files\nodejs\node_modules\npm\node_modules\npm-registry-client\lib\request.js:242:14)
84 silly fetchPackageMetaData     at Request._callback (C:\Program Files\nodejs\node_modules\npm\node_modules\npm-registry-client\lib\request.js:172:14)
84 silly fetchPackageMetaData     at Request.self.callback (C:\Program Files\nodejs\node_modules\npm\node_modules\request\request.js:200:22)
84 silly fetchPackageMetaData     at emitTwo (events.js:106:13)
84 silly fetchPackageMetaData     at Request.emit (events.js:191:7)
84 silly fetchPackageMetaData     at Request.<anonymous> (C:\Program Files\nodejs\node_modules\npm\node_modules\request\request.js:1067:10)
84 silly fetchPackageMetaData     at emitOne (events.js:101:20)
84 silly fetchPackageMetaData     at Request.emit (events.js:188:7)
84 silly fetchPackageMetaData     at IncomingMessage.<anonymous> (C:\Program Files\nodejs\node_modules\npm\node_modules\request\request.js:988:12) pkgid: 'passpport-local', statusCode: 404, code: 'E404' }
85 silly rollbackFailedOptional Starting
86 silly rollbackFailedOptional Finishing
87 silly runTopLevelLifecycles Starting
88 silly runTopLevelLifecycles Finishing
89 silly install printInstalled
90 verbose stack Error: ENOENT: no such file or directory, open 'C:\Users\ruhi\node\assignmenttwo\passport=local-mongoose'
90 verbose stack     at Error (native)
91 verbose cwd C:\Users\ruhi\node\assignmenttwo
92 error Windows_NT 10.0.14393
93 error argv "C:\\Program Files\\nodejs\\node.exe" "C:\\Program Files\\nodejs\\node_modules\\npm\\bin\\npm-cli.js" "install" "passport" "passpport-local" "passport=local-mongoose" "express-session" "connect-flash" "--save"
94 error node v6.5.0
95 error npm  v3.10.3
96 error path C:\Users\ruhi\node\assignmenttwo\passport=local-mongoose
97 error code ENOENT
98 error errno -4058
99 error syscall open
100 error enoent ENOENT: no such file or directory, open 'C:\Users\ruhi\node\assignmenttwo\passport=local-mongoose'
101 error enoent ENOENT: no such file or directory, open 'C:\Users\ruhi\node\assignmenttwo\passport=local-mongoose'
101 error enoent This is most likely not a problem with npm itself
101 error enoent and is related to npm not being able to find a file.
102 verbose exit [ -4058, true ]
